info: ::1 - - [10/Aug/2025:19:25:53 +0000] "POST /vap/ HTTP/1.1" 404 47 "-" "PostmanRuntime/7.44.1"

info: ::1 - - [10/Aug/2025:19:29:33 +0000] "POST /vap/welcome HTTP/1.1" 404 47 "-" "PostmanRuntime/7.44.1"

info: ::1 - - [10/Aug/2025:19:31:08 +0000] "GET /vap/welcome HTTP/1.1" 200 51 "-" "PostmanRuntime/7.44.1"

info: ::1 - - [10/Aug/2025:19:35:07 +0000] "GET /vap/stocks/all-companies HTTP/1.1" 200 157895 "-" "PostmanRuntime/7.44.1"

info: ::1 - - [10/Aug/2025:20:11:55 +0000] "GET /vap/bhavcopy/mcap HTTP/1.1" 500 70 "-" "PostmanRuntime/7.44.1"

info: ::1 - - [10/Aug/2025:20:14:25 +0000] "GET /vap/bhavcopy/ HTTP/1.1" 200 51 "-" "PostmanRuntime/7.44.1"

info: ::1 - - [10/Aug/2025:20:14:34 +0000] "GET /vap/bhavcopy/bh HTTP/1.1" 500 70 "-" "PostmanRuntime/7.44.1"

info: ::1 - - [10/Aug/2025:20:24:32 +0000] "GET /vap/bhavcopy/bh HTTP/1.1" 500 70 "-" "PostmanRuntime/7.44.1"

info: ::1 - - [10/Aug/2025:20:24:34 +0000] "GET /vap/bhavcopy/bh HTTP/1.1" 500 70 "-" "PostmanRuntime/7.44.1"

info: ::1 - - [10/Aug/2025:20:24:37 +0000] "GET /vap/bhavcopy/bh HTTP/1.1" 500 70 "-" "PostmanRuntime/7.44.1"

info: ::1 - - [10/Aug/2025:20:28:11 +0000] "GET /vap/bhavcopy/bh HTTP/1.1" 500 70 "-" "PostmanRuntime/7.44.1"

info: ::1 - - [10/Aug/2025:20:30:30 +0000] "GET /vap/bhavcopy/bh HTTP/1.1" 500 70 "-" "PostmanRuntime/7.44.1"

info: ::1 - - [10/Aug/2025:20:30:33 +0000] "GET /vap/bhavcopy/bh HTTP/1.1" 500 70 "-" "PostmanRuntime/7.44.1"

info: ::1 - - [10/Aug/2025:20:30:35 +0000] "GET /vap/bhavcopy/bh HTTP/1.1" 500 70 "-" "PostmanRuntime/7.44.1"

info: ::1 - - [11/Aug/2025:07:52:49 +0000] "GET /vap/stocks HTTP/1.1" 404 47 "-" "PostmanRuntime/7.45.0"

info: ::1 - - [11/Aug/2025:07:53:48 +0000] "GET /vap/stocks/all-companies HTTP/1.1" 200 157895 "-" "PostmanRuntime/7.45.0"

info: ::1 - - [11/Aug/2025:08:01:56 +0000] "GET /vap/bhavcopy/bh HTTP/1.1" 500 70 "-" "PostmanRuntime/7.45.0"

info: ::1 - - [11/Aug/2025:08:05:42 +0000] "GET /vap/bhavcopy/bh HTTP/1.1" 500 70 "-" "PostmanRuntime/7.45.0"

info: ::1 - - [11/Aug/2025:08:06:04 +0000] "GET /vap/bhavcopy/bh HTTP/1.1" 500 70 "-" "PostmanRuntime/7.45.0"

info: ::1 - - [11/Aug/2025:08:09:32 +0000] "GET /vap/bhavcopy/bh HTTP/1.1" 500 70 "-" "PostmanRuntime/7.45.0"

info: ::1 - - [11/Aug/2025:08:09:37 +0000] "GET /vap/bhavcopy/bh HTTP/1.1" 500 70 "-" "PostmanRuntime/7.45.0"

info: ::1 - - [11/Aug/2025:08:18:08 +0000] "GET /vap/bhavcopy/bh HTTP/1.1" 500 89 "-" "PostmanRuntime/7.45.0"

info: ::1 - - [11/Aug/2025:08:20:04 +0000] "GET /vap/bhavcopy/bh HTTP/1.1" 500 70 "-" "PostmanRuntime/7.45.0"

info: ::1 - - [11/Aug/2025:08:22:33 +0000] "GET /vap/bhavcopy/bh HTTP/1.1" 500 70 "-" "PostmanRuntime/7.45.0"

info: ::1 - - [11/Aug/2025:08:26:03 +0000] "GET /vap/bhavcopy/ HTTP/1.1" 200 51 "-" "PostmanRuntime/7.45.0"

info: ::1 - - [11/Aug/2025:08:26:08 +0000] "GET /vap/bhavcopy/bh HTTP/1.1" 500 63 "-" "PostmanRuntime/7.45.0"

info: ::1 - - [11/Aug/2025:08:30:30 +0000] "GET /vap/bhavcopy/bh HTTP/1.1" 500 63 "-" "PostmanRuntime/7.45.0"

info: ::1 - - [11/Aug/2025:08:30:32 +0000] "GET /vap/bhavcopy/bh HTTP/1.1" 500 63 "-" "PostmanRuntime/7.45.0"

info: ::1 - - [11/Aug/2025:08:38:34 +0000] "GET /vap/bhavcopy/ HTTP/1.1" 200 51 "-" "PostmanRuntime/7.45.0"

info: ::1 - - [11/Aug/2025:08:38:38 +0000] "GET /vap/bhavcopy/bh HTTP/1.1" 500 63 "-" "PostmanRuntime/7.45.0"

info: ::1 - - [11/Aug/2025:08:39:33 +0000] "GET /vap/bhavcopy/bh HTTP/1.1" 500 70 "-" "PostmanRuntime/7.45.0"

info: ::1 - - [11/Aug/2025:08:39:37 +0000] "GET /vap/bhavcopy/bh HTTP/1.1" 500 70 "-" "PostmanRuntime/7.45.0"

info: ::1 - - [11/Aug/2025:08:40:48 +0000] "GET /vap/bhavcopy/bh HTTP/1.1" 500 63 "-" "PostmanRuntime/7.45.0"

info: ::1 - - [11/Aug/2025:08:40:50 +0000] "GET /vap/bhavcopy/bh HTTP/1.1" 500 63 "-" "PostmanRuntime/7.45.0"

info: ::1 - - [11/Aug/2025:08:40:51 +0000] "GET /vap/bhavcopy/bh HTTP/1.1" 500 63 "-" "PostmanRuntime/7.45.0"

info: ::1 - - [11/Aug/2025:08:53:36 +0000] "GET /vap/bhavcopy/bh HTTP/1.1" 500 63 "-" "PostmanRuntime/7.45.0"

info: ::1 - - [11/Aug/2025:08:53:38 +0000] "GET /vap/bhavcopy/bh HTTP/1.1" 500 63 "-" "PostmanRuntime/7.45.0"

info: ::1 - - [11/Aug/2025:08:53:40 +0000] "GET /vap/bhavcopy/bh HTTP/1.1" 500 63 "-" "PostmanRuntime/7.45.0"

info: ::1 - - [11/Aug/2025:08:56:39 +0000] "GET /vap/bhavcopy/bh HTTP/1.1" 500 63 "-" "PostmanRuntime/7.45.0"

info: ::1 - - [11/Aug/2025:08:56:42 +0000] "GET /vap/bhavcopy/bh HTTP/1.1" 500 63 "-" "PostmanRuntime/7.45.0"

info: ::1 - - [11/Aug/2025:08:56:44 +0000] "GET /vap/bhavcopy/bh HTTP/1.1" 500 63 "-" "PostmanRuntime/7.45.0"

info: ::ffff:127.0.0.1 - - [11/Aug/2025:08:57:12 +0000] "GET /vap/bhavcopy/bh HTTP/1.1" 500 63 "-" "Thunder Client (https://www.thunderclient.com)"

