info: ::1 - - [06/Sep/2025:18:33:57 +0000] "GET /vap/financial-data/TCS HTTP/1.1" 500 49 "-" "PostmanRuntime/7.45.0"

info: ::1 - - [06/Sep/2025:18:52:35 +0000] "GET /vap/financial-data/TCS HTTP/1.1" 500 49 "-" "PostmanRuntime/7.45.0"

info: ::1 - - [06/Sep/2025:18:58:50 +0000] "GET /vap/financial-data/TCS HTTP/1.1" 500 49 "-" "PostmanRuntime/7.45.0"

info: ::1 - - [06/Sep/2025:18:59:22 +0000] "GET /vap/financial-data/TCS HTTP/1.1" 500 49 "-" "PostmanRuntime/7.45.0"

info: ::1 - - [06/Sep/2025:19:05:45 +0000] "GET /vap/financial-data/TCS HTTP/1.1" 200 29246 "-" "PostmanRuntime/7.45.0"

info: ::1 - - [06/Sep/2025:19:06:45 +0000] "GET /vap/financial-data/TCS HTTP/1.1" 200 44448 "-" "PostmanRuntime/7.45.0"

info: ::1 - - [06/Sep/2025:19:08:20 +0000] "GET /vap/company-data HTTP/1.1" 404 47 "-" "PostmanRuntime/7.45.0"

info: ::1 - - [06/Sep/2025:19:20:06 +0000] "GET /vap/company-data/companies-data HTTP/1.1" 200 13389 "-" "PostmanRuntime/7.45.0"

info: ::1 - - [06/Sep/2025:19:20:52 +0000] "GET /vap/company-data/failed-symbols HTTP/1.1" 200 55 "-" "PostmanRuntime/7.45.0"

info: ::1 - - [06/Sep/2025:19:21:23 +0000] "GET /vap/company-data/listed-companies HTTP/1.1" 200 22962 "-" "PostmanRuntime/7.45.0"

info: ::1 - - [06/Sep/2025:19:22:25 +0000] "GET /vap/company-data/formula/all-companies HTTP/1.1" 200 4824 "-" "PostmanRuntime/7.45.0"

info: ::1 - - [06/Sep/2025:19:23:09 +0000] "GET /vap/company-data/:symbol HTTP/1.1" 500 80 "-" "PostmanRuntime/7.45.0"

info: ::1 - - [06/Sep/2025:19:23:18 +0000] "GET /vap/company-data/symbol HTTP/1.1" 500 80 "-" "PostmanRuntime/7.45.0"

info: ::1 - - [06/Sep/2025:19:23:54 +0000] "GET /vap/company-data/all-companies HTTP/1.1" 200 15723 "-" "PostmanRuntime/7.45.0"

info: ::1 - - [06/Sep/2025:19:25:27 +0000] "GET /vap/bhavcopy/bc HTTP/1.1" 200 26172 "-" "PostmanRuntime/7.45.0"

info: ::1 - - [06/Sep/2025:19:25:48 +0000] "GET /vap/bhavcopy/bh HTTP/1.1" 500 70 "-" "PostmanRuntime/7.45.0"

info: ::1 - - [06/Sep/2025:19:26:23 +0000] "GET /vap/bhavcopy/corpbond HTTP/1.1" 500 70 "-" "PostmanRuntime/7.45.0"

info: ::1 - - [06/Sep/2025:19:27:08 +0000] "GET /vap/bhavcopy/etf HTTP/1.1" 500 70 "-" "PostmanRuntime/7.45.0"

info: ::1 - - [06/Sep/2025:19:27:35 +0000] "GET /vap/bhavcopy/ffix HTTP/1.1" 500 70 "-" "PostmanRuntime/7.45.0"

info: ::1 - - [06/Sep/2025:19:28:16 +0000] "GET /vap/bhavcopy/gl HTTP/1.1" 500 70 "-" "PostmanRuntime/7.45.0"

info: ::1 - - [06/Sep/2025:19:28:47 +0000] "GET /vap/bhavcopy/hl HTTP/1.1" 500 70 "-" "PostmanRuntime/7.45.0"

info: ::1 - - [06/Sep/2025:19:29:28 +0000] "GET /vap/bhavcopy/ix HTTP/1.1" 500 70 "-" "PostmanRuntime/7.45.0"

info: ::1 - - [06/Sep/2025:19:29:47 +0000] "GET /vap/bhavcopy/mcap HTTP/1.1" 500 70 "-" "PostmanRuntime/7.45.0"

info: ::1 - - [06/Sep/2025:19:30:08 +0000] "GET /vap/bhavcopy/pd HTTP/1.1" 500 70 "-" "PostmanRuntime/7.45.0"

info: ::1 - - [06/Sep/2025:19:30:21 +0000] "GET /vap/bhavcopy/pr HTTP/1.1" 500 70 "-" "PostmanRuntime/7.45.0"

info: ::1 - - [07/Sep/2025:09:49:22 +0000] "GET /vap/bhavcopy/pr HTTP/1.1" 500 70 "-" "PostmanRuntime/7.45.0"

info: ::1 - - [07/Sep/2025:14:25:36 +0000] "GET /vap/bhavcopy/pr HTTP/1.1" 500 70 "-" "PostmanRuntime/7.45.0"

info: ::1 - - [07/Sep/2025:15:04:27 +0000] "GET //vap/formula/all-companies HTTP/1.1" 404 47 "-" "PostmanRuntime/7.45.0"

