info: ✅ Connected to stock_market database. {"timestamp":"2025-09-06T18:31:24.236Z"}
info: ✅ stock_market database synced. {"timestamp":"2025-09-06T18:31:24.373Z"}
info: ✅ Connected to bhavcopy database. {"timestamp":"2025-09-06T18:31:24.402Z"}
info: ✅ bhavcopy database synced. {"timestamp":"2025-09-06T18:31:24.492Z"}
info: ✅ Connected to screener_data database. {"timestamp":"2025-09-06T18:31:24.511Z"}
info: ✅ screener_data database synced. {"timestamp":"2025-09-06T18:31:24.583Z"}
info: 🚀 Server running on http://localhost:8000/vap/ {"timestamp":"2025-09-06T18:31:24.587Z"}
info: ✅ Connected to stock_market database. {"timestamp":"2025-09-06T18:32:17.861Z"}
info: ✅ stock_market database synced. {"timestamp":"2025-09-06T18:32:17.923Z"}
info: ✅ Connected to bhavcopy database. {"timestamp":"2025-09-06T18:32:17.985Z"}
info: ✅ bhavcopy database synced. {"timestamp":"2025-09-06T18:32:18.055Z"}
info: ✅ Connected to screener_data database. {"timestamp":"2025-09-06T18:32:18.065Z"}
info: ✅ screener_data database synced. {"timestamp":"2025-09-06T18:32:18.133Z"}
info: 🚀 Server running on http://localhost:8000/vap/ {"timestamp":"2025-09-06T18:32:18.139Z"}
info: ✅ Connected to stock_market database. {"timestamp":"2025-09-06T18:32:41.137Z"}
info: ✅ stock_market database synced. {"timestamp":"2025-09-06T18:32:41.219Z"}
info: ✅ Connected to bhavcopy database. {"timestamp":"2025-09-06T18:32:41.236Z"}
info: ✅ bhavcopy database synced. {"timestamp":"2025-09-06T18:32:41.342Z"}
info: ✅ Connected to screener_data database. {"timestamp":"2025-09-06T18:32:41.363Z"}
info: ✅ screener_data database synced. {"timestamp":"2025-09-06T18:32:41.441Z"}
info: 🚀 Server running on http://localhost:8000/vap/ {"timestamp":"2025-09-06T18:32:41.445Z"}
info: ✅ Connected to stock_market database. {"timestamp":"2025-09-06T18:33:31.313Z"}
info: ✅ stock_market database synced. {"timestamp":"2025-09-06T18:33:31.376Z"}
info: ✅ Connected to bhavcopy database. {"timestamp":"2025-09-06T18:33:31.397Z"}
info: ✅ bhavcopy database synced. {"timestamp":"2025-09-06T18:33:31.487Z"}
info: ✅ Connected to screener_data database. {"timestamp":"2025-09-06T18:33:31.539Z"}
info: ✅ screener_data database synced. {"timestamp":"2025-09-06T18:33:31.621Z"}
info: 🚀 Server running on http://localhost:8000/vap/ {"timestamp":"2025-09-06T18:33:31.624Z"}
info: ✅ Connected to stock_market database. {"timestamp":"2025-09-06T18:41:05.180Z"}
info: ✅ stock_market database synced. {"timestamp":"2025-09-06T18:41:05.229Z"}
info: ✅ Connected to bhavcopy database. {"timestamp":"2025-09-06T18:41:05.239Z"}
info: ✅ bhavcopy database synced. {"timestamp":"2025-09-06T18:41:05.284Z"}
info: ✅ Connected to screener_data database. {"timestamp":"2025-09-06T18:41:05.293Z"}
info: ✅ screener_data database synced. {"timestamp":"2025-09-06T18:41:06.260Z"}
info: 🚀 Server running on http://localhost:8000/vap/ {"timestamp":"2025-09-06T18:41:06.265Z"}
info: ✅ Connected to stock_market database. {"timestamp":"2025-09-06T18:52:21.648Z"}
info: ✅ stock_market database synced. {"timestamp":"2025-09-06T18:52:22.303Z"}
info: ✅ Connected to bhavcopy database. {"timestamp":"2025-09-06T18:52:22.734Z"}
info: ✅ bhavcopy database synced. {"timestamp":"2025-09-06T18:52:23.649Z"}
info: ✅ Connected to screener_data database. {"timestamp":"2025-09-06T18:52:23.681Z"}
info: ✅ screener_data database synced. {"timestamp":"2025-09-06T18:52:24.077Z"}
info: 🚀 Server running on http://localhost:8000/vap/ {"timestamp":"2025-09-06T18:52:24.944Z"}
info: ✅ Connected to stock_market database. {"timestamp":"2025-09-06T18:57:53.341Z"}
info: ✅ stock_market database synced. {"timestamp":"2025-09-06T18:57:53.409Z"}
info: ✅ Connected to bhavcopy database. {"timestamp":"2025-09-06T18:57:53.456Z"}
info: ✅ bhavcopy database synced. {"timestamp":"2025-09-06T18:57:53.643Z"}
info: ✅ Connected to screener_data database. {"timestamp":"2025-09-06T18:57:53.684Z"}
info: ✅ screener_data database synced. {"timestamp":"2025-09-06T18:57:53.766Z"}
info: 🚀 Server running on http://localhost:8000/vap/ {"timestamp":"2025-09-06T18:57:53.777Z"}
info: ✅ Connected to stock_market database. {"timestamp":"2025-09-06T18:59:12.804Z"}
info: ✅ stock_market database synced. {"timestamp":"2025-09-06T18:59:12.900Z"}
info: ✅ Connected to bhavcopy database. {"timestamp":"2025-09-06T18:59:12.911Z"}
info: ✅ bhavcopy database synced. {"timestamp":"2025-09-06T18:59:13.031Z"}
info: ✅ Connected to screener_data database. {"timestamp":"2025-09-06T18:59:13.079Z"}
info: ✅ screener_data database synced. {"timestamp":"2025-09-06T18:59:13.194Z"}
info: 🚀 Server running on http://localhost:8000/vap/ {"timestamp":"2025-09-06T18:59:13.199Z"}
info: ✅ Connected to stock_market database. {"timestamp":"2025-09-06T19:04:10.572Z"}
info: ✅ stock_market database synced. {"timestamp":"2025-09-06T19:04:10.627Z"}
info: ✅ Connected to bhavcopy database. {"timestamp":"2025-09-06T19:04:10.639Z"}
info: ✅ bhavcopy database synced. {"timestamp":"2025-09-06T19:04:11.024Z"}
info: ✅ Connected to screener_data database. {"timestamp":"2025-09-06T19:04:11.035Z"}
info: ✅ screener_data database synced. {"timestamp":"2025-09-06T19:04:11.100Z"}
info: 🚀 Server running on http://localhost:8000/vap/ {"timestamp":"2025-09-06T19:04:11.105Z"}
info: ✅ Connected to stock_market database. {"timestamp":"2025-09-06T19:05:12.661Z"}
info: ✅ stock_market database synced. {"timestamp":"2025-09-06T19:05:12.715Z"}
info: ✅ Connected to bhavcopy database. {"timestamp":"2025-09-06T19:05:12.727Z"}
info: ✅ bhavcopy database synced. {"timestamp":"2025-09-06T19:05:12.774Z"}
info: ✅ Connected to screener_data database. {"timestamp":"2025-09-06T19:05:12.795Z"}
info: ✅ screener_data database synced. {"timestamp":"2025-09-06T19:05:12.856Z"}
info: 🚀 Server running on http://localhost:8000/vap/ {"timestamp":"2025-09-06T19:05:12.860Z"}
info: ✅ Connected to stock_market database. {"timestamp":"2025-09-06T19:06:39.603Z"}
info: ✅ stock_market database synced. {"timestamp":"2025-09-06T19:06:39.680Z"}
info: ✅ Connected to bhavcopy database. {"timestamp":"2025-09-06T19:06:39.689Z"}
info: ✅ bhavcopy database synced. {"timestamp":"2025-09-06T19:06:39.781Z"}
info: ✅ Connected to screener_data database. {"timestamp":"2025-09-06T19:06:39.794Z"}
info: ✅ screener_data database synced. {"timestamp":"2025-09-06T19:06:39.876Z"}
info: 🚀 Server running on http://localhost:8000/vap/ {"timestamp":"2025-09-06T19:06:39.880Z"}
info: ✅ Connected to stock_market database. {"timestamp":"2025-09-06T19:13:21.470Z"}
info: ✅ stock_market database synced. {"timestamp":"2025-09-06T19:13:21.689Z"}
info: ✅ Connected to bhavcopy database. {"timestamp":"2025-09-06T19:13:21.794Z"}
info: ✅ bhavcopy database synced. {"timestamp":"2025-09-06T19:13:21.849Z"}
info: ✅ Connected to screener_data database. {"timestamp":"2025-09-06T19:13:21.898Z"}
info: ✅ screener_data database synced. {"timestamp":"2025-09-06T19:13:21.976Z"}
info: 🚀 Server running on http://localhost:8000/vap/ {"timestamp":"2025-09-06T19:13:21.980Z"}
error: 
    status - 500 
    message - Error: 
    at Query.run (D:\Projects\vap-be\backend\node_modules\sequelize\src\dialects\mysql\query.js:46:25)
    at D:\Projects\vap-be\backend\node_modules\sequelize\src\sequelize.js:650:28
    at processTicksAndRejections (node:internal/process/task_queues:105:5)
    at MySQLQueryInterface.select (D:\Projects\vap-be\backend\node_modules\sequelize\src\dialects\abstract\query-interface.js:1001:12)
    at Function.findAll (D:\Projects\vap-be\backend\node_modules\sequelize\src\model.js:1824:21)
    at async Promise.all (index 1)
    at Function.findAndCountAll (D:\Projects\vap-be\backend\node_modules\sequelize\src\model.js:2183:27) 
    url - /vap/bhavcopy/bh 
    method - GET 
    IP - ::1
   {"timestamp":"2025-09-06T19:25:48.676Z"}
error: 
    status - 500 
    message - Error: 
    at Query.run (D:\Projects\vap-be\backend\node_modules\sequelize\src\dialects\mysql\query.js:46:25)
    at D:\Projects\vap-be\backend\node_modules\sequelize\src\sequelize.js:650:28
    at processTicksAndRejections (node:internal/process/task_queues:105:5)
    at MySQLQueryInterface.select (D:\Projects\vap-be\backend\node_modules\sequelize\src\dialects\abstract\query-interface.js:1001:12)
    at Function.findAll (D:\Projects\vap-be\backend\node_modules\sequelize\src\model.js:1824:21)
    at async Promise.all (index 1)
    at Function.findAndCountAll (D:\Projects\vap-be\backend\node_modules\sequelize\src\model.js:2183:27) 
    url - /vap/bhavcopy/corpbond 
    method - GET 
    IP - ::1
   {"timestamp":"2025-09-06T19:26:23.019Z"}
error: 
    status - 500 
    message - Error: 
    at Query.run (D:\Projects\vap-be\backend\node_modules\sequelize\src\dialects\mysql\query.js:46:25)
    at D:\Projects\vap-be\backend\node_modules\sequelize\src\sequelize.js:650:28
    at processTicksAndRejections (node:internal/process/task_queues:105:5)
    at MySQLQueryInterface.select (D:\Projects\vap-be\backend\node_modules\sequelize\src\dialects\abstract\query-interface.js:1001:12)
    at Function.findAll (D:\Projects\vap-be\backend\node_modules\sequelize\src\model.js:1824:21)
    at async Promise.all (index 1)
    at Function.findAndCountAll (D:\Projects\vap-be\backend\node_modules\sequelize\src\model.js:2183:27) 
    url - /vap/bhavcopy/etf 
    method - GET 
    IP - ::1
   {"timestamp":"2025-09-06T19:27:08.676Z"}
error: 
    status - 500 
    message - Error: 
    at Query.run (D:\Projects\vap-be\backend\node_modules\sequelize\src\dialects\mysql\query.js:46:25)
    at D:\Projects\vap-be\backend\node_modules\sequelize\src\sequelize.js:650:28
    at processTicksAndRejections (node:internal/process/task_queues:105:5)
    at MySQLQueryInterface.select (D:\Projects\vap-be\backend\node_modules\sequelize\src\dialects\abstract\query-interface.js:1001:12)
    at Function.findAll (D:\Projects\vap-be\backend\node_modules\sequelize\src\model.js:1824:21)
    at async Promise.all (index 1)
    at Function.findAndCountAll (D:\Projects\vap-be\backend\node_modules\sequelize\src\model.js:2183:27) 
    url - /vap/bhavcopy/ffix 
    method - GET 
    IP - ::1
   {"timestamp":"2025-09-06T19:27:35.784Z"}
error: 
    status - 500 
    message - Error: 
    at Query.run (D:\Projects\vap-be\backend\node_modules\sequelize\src\dialects\mysql\query.js:46:25)
    at D:\Projects\vap-be\backend\node_modules\sequelize\src\sequelize.js:650:28
    at processTicksAndRejections (node:internal/process/task_queues:105:5)
    at MySQLQueryInterface.select (D:\Projects\vap-be\backend\node_modules\sequelize\src\dialects\abstract\query-interface.js:1001:12)
    at Function.findAll (D:\Projects\vap-be\backend\node_modules\sequelize\src\model.js:1824:21)
    at async Promise.all (index 1)
    at Function.findAndCountAll (D:\Projects\vap-be\backend\node_modules\sequelize\src\model.js:2183:27) 
    url - /vap/bhavcopy/gl 
    method - GET 
    IP - ::1
   {"timestamp":"2025-09-06T19:28:16.748Z"}
error: 
    status - 500 
    message - Error: 
    at Query.run (D:\Projects\vap-be\backend\node_modules\sequelize\src\dialects\mysql\query.js:46:25)
    at D:\Projects\vap-be\backend\node_modules\sequelize\src\sequelize.js:650:28
    at processTicksAndRejections (node:internal/process/task_queues:105:5)
    at MySQLQueryInterface.select (D:\Projects\vap-be\backend\node_modules\sequelize\src\dialects\abstract\query-interface.js:1001:12)
    at Function.findAll (D:\Projects\vap-be\backend\node_modules\sequelize\src\model.js:1824:21)
    at async Promise.all (index 1)
    at Function.findAndCountAll (D:\Projects\vap-be\backend\node_modules\sequelize\src\model.js:2183:27) 
    url - /vap/bhavcopy/hl 
    method - GET 
    IP - ::1
   {"timestamp":"2025-09-06T19:28:47.499Z"}
error: 
    status - 500 
    message - Error: 
    at Query.run (D:\Projects\vap-be\backend\node_modules\sequelize\src\dialects\mysql\query.js:46:25)
    at D:\Projects\vap-be\backend\node_modules\sequelize\src\sequelize.js:650:28
    at processTicksAndRejections (node:internal/process/task_queues:105:5)
    at MySQLQueryInterface.select (D:\Projects\vap-be\backend\node_modules\sequelize\src\dialects\abstract\query-interface.js:1001:12)
    at Function.findAll (D:\Projects\vap-be\backend\node_modules\sequelize\src\model.js:1824:21)
    at async Promise.all (index 1)
    at Function.findAndCountAll (D:\Projects\vap-be\backend\node_modules\sequelize\src\model.js:2183:27) 
    url - /vap/bhavcopy/ix 
    method - GET 
    IP - ::1
   {"timestamp":"2025-09-06T19:29:28.093Z"}
error: 
    status - 500 
    message - Error: 
    at Query.run (D:\Projects\vap-be\backend\node_modules\sequelize\src\dialects\mysql\query.js:46:25)
    at D:\Projects\vap-be\backend\node_modules\sequelize\src\sequelize.js:650:28
    at processTicksAndRejections (node:internal/process/task_queues:105:5)
    at MySQLQueryInterface.select (D:\Projects\vap-be\backend\node_modules\sequelize\src\dialects\abstract\query-interface.js:1001:12)
    at Function.findAll (D:\Projects\vap-be\backend\node_modules\sequelize\src\model.js:1824:21)
    at async Promise.all (index 1)
    at Function.findAndCountAll (D:\Projects\vap-be\backend\node_modules\sequelize\src\model.js:2183:27) 
    url - /vap/bhavcopy/mcap 
    method - GET 
    IP - ::1
   {"timestamp":"2025-09-06T19:29:47.926Z"}
error: 
    status - 500 
    message - Error: 
    at Query.run (D:\Projects\vap-be\backend\node_modules\sequelize\src\dialects\mysql\query.js:46:25)
    at D:\Projects\vap-be\backend\node_modules\sequelize\src\sequelize.js:650:28
    at processTicksAndRejections (node:internal/process/task_queues:105:5)
    at MySQLQueryInterface.select (D:\Projects\vap-be\backend\node_modules\sequelize\src\dialects\abstract\query-interface.js:1001:12)
    at Function.findAll (D:\Projects\vap-be\backend\node_modules\sequelize\src\model.js:1824:21)
    at async Promise.all (index 1)
    at Function.findAndCountAll (D:\Projects\vap-be\backend\node_modules\sequelize\src\model.js:2183:27) 
    url - /vap/bhavcopy/pd 
    method - GET 
    IP - ::1
   {"timestamp":"2025-09-06T19:30:08.557Z"}
error: 
    status - 500 
    message - Error: 
    at Query.run (D:\Projects\vap-be\backend\node_modules\sequelize\src\dialects\mysql\query.js:46:25)
    at D:\Projects\vap-be\backend\node_modules\sequelize\src\sequelize.js:650:28
    at processTicksAndRejections (node:internal/process/task_queues:105:5)
    at MySQLQueryInterface.select (D:\Projects\vap-be\backend\node_modules\sequelize\src\dialects\abstract\query-interface.js:1001:12)
    at Function.findAll (D:\Projects\vap-be\backend\node_modules\sequelize\src\model.js:1824:21)
    at async Promise.all (index 1)
    at Function.findAndCountAll (D:\Projects\vap-be\backend\node_modules\sequelize\src\model.js:2183:27) 
    url - /vap/bhavcopy/pr 
    method - GET 
    IP - ::1
   {"timestamp":"2025-09-06T19:30:21.293Z"}
error: 
    status - 500 
    message - Error: 
    at Query.run (D:\Projects\vap-be\backend\node_modules\sequelize\src\dialects\mysql\query.js:46:25)
    at D:\Projects\vap-be\backend\node_modules\sequelize\src\sequelize.js:650:28
    at processTicksAndRejections (node:internal/process/task_queues:105:5)
    at MySQLQueryInterface.select (D:\Projects\vap-be\backend\node_modules\sequelize\src\dialects\abstract\query-interface.js:1001:12)
    at Function.findAll (D:\Projects\vap-be\backend\node_modules\sequelize\src\model.js:1824:21)
    at async Promise.all (index 1)
    at Function.findAndCountAll (D:\Projects\vap-be\backend\node_modules\sequelize\src\model.js:2183:27) 
    url - /vap/bhavcopy/pr 
    method - GET 
    IP - ::1
   {"timestamp":"2025-09-07T09:49:22.488Z"}
error: 
    status - 500 
    message - Error: 
    at Query.run (D:\Projects\vap-be\backend\node_modules\sequelize\src\dialects\mysql\query.js:46:25)
    at D:\Projects\vap-be\backend\node_modules\sequelize\src\sequelize.js:650:28
    at processTicksAndRejections (node:internal/process/task_queues:105:5)
    at MySQLQueryInterface.select (D:\Projects\vap-be\backend\node_modules\sequelize\src\dialects\abstract\query-interface.js:1001:12)
    at Function.findAll (D:\Projects\vap-be\backend\node_modules\sequelize\src\model.js:1824:21)
    at async Promise.all (index 1)
    at Function.findAndCountAll (D:\Projects\vap-be\backend\node_modules\sequelize\src\model.js:2183:27) 
    url - /vap/bhavcopy/pr 
    method - GET 
    IP - ::1
   {"timestamp":"2025-09-07T14:25:36.235Z"}
