info: ✅ Connected to stock_market database. {"timestamp":"2025-08-10T19:12:40.343Z"}
info: ✅ stock_market database synced. {"timestamp":"2025-08-10T19:13:09.198Z"}
info: ✅ Connected to bhavcopy database. {"timestamp":"2025-08-10T19:13:09.637Z"}
info: ✅ bhavcopy database synced. {"timestamp":"2025-08-10T19:13:14.637Z"}
info: 🚀 Server running on http://http://localhost:8000/vap/ {"timestamp":"2025-08-10T19:13:15.403Z"}
info: ✅ Connected to stock_market database. {"timestamp":"2025-08-10T19:47:41.478Z"}
info: ✅ stock_market database synced. {"timestamp":"2025-08-10T19:47:57.948Z"}
info: ✅ Connected to bhavcopy database. {"timestamp":"2025-08-10T19:47:58.450Z"}
info: ✅ bhavcopy database synced. {"timestamp":"2025-08-10T19:48:00.196Z"}
info: 🚀 Server running on http://http://localhost:8000/vap/ {"timestamp":"2025-08-10T19:48:00.201Z"}
info: ✅ Connected to stock_market database. {"timestamp":"2025-08-10T19:55:58.086Z"}
info: ✅ Connected to stock_market database. {"timestamp":"2025-08-10T19:56:09.869Z"}
info: ✅ stock_market database synced. {"timestamp":"2025-08-10T19:56:15.265Z"}
info: ✅ Connected to bhavcopy database. {"timestamp":"2025-08-10T19:56:15.284Z"}
info: ✅ bhavcopy database synced. {"timestamp":"2025-08-10T19:56:15.551Z"}
info: 🚀 Server running on http://http://localhost:8000/vap/ {"timestamp":"2025-08-10T19:56:15.555Z"}
info: ✅ Connected to stock_market database. {"timestamp":"2025-08-10T19:57:38.097Z"}
info: ✅ stock_market database synced. {"timestamp":"2025-08-10T19:57:43.590Z"}
info: ✅ Connected to bhavcopy database. {"timestamp":"2025-08-10T19:57:43.603Z"}
info: ✅ bhavcopy database synced. {"timestamp":"2025-08-10T19:57:43.695Z"}
info: 🚀 Server running on http://http://localhost:8000/vap/ {"timestamp":"2025-08-10T19:57:43.702Z"}
info: ✅ Connected to stock_market database. {"timestamp":"2025-08-10T19:58:02.108Z"}
info: ✅ stock_market database synced. {"timestamp":"2025-08-10T19:58:09.469Z"}
info: ✅ Connected to bhavcopy database. {"timestamp":"2025-08-10T19:58:09.484Z"}
info: ✅ bhavcopy database synced. {"timestamp":"2025-08-10T19:58:09.604Z"}
info: 🚀 Server running on http://http://localhost:8000/vap/ {"timestamp":"2025-08-10T19:58:09.623Z"}
info: ✅ Connected to stock_market database. {"timestamp":"2025-08-10T19:59:22.233Z"}
info: ✅ stock_market database synced. {"timestamp":"2025-08-10T19:59:26.951Z"}
info: ✅ Connected to bhavcopy database. {"timestamp":"2025-08-10T19:59:26.980Z"}
info: ✅ bhavcopy database synced. {"timestamp":"2025-08-10T19:59:27.057Z"}
info: 🚀 Server running on http://http://localhost:8000/vap/ {"timestamp":"2025-08-10T19:59:27.062Z"}
info: ✅ Connected to stock_market database. {"timestamp":"2025-08-10T20:02:02.931Z"}
info: ✅ stock_market database synced. {"timestamp":"2025-08-10T20:02:09.064Z"}
info: ✅ Connected to bhavcopy database. {"timestamp":"2025-08-10T20:02:09.078Z"}
info: ✅ bhavcopy database synced. {"timestamp":"2025-08-10T20:02:09.288Z"}
info: 🚀 Server running on http://http://localhost:8000/vap/ {"timestamp":"2025-08-10T20:02:09.294Z"}
info: ✅ Connected to stock_market database. {"timestamp":"2025-08-10T20:02:16.039Z"}
info: ✅ Connected to stock_market database. {"timestamp":"2025-08-10T20:02:20.115Z"}
info: ✅ stock_market database synced. {"timestamp":"2025-08-10T20:02:25.160Z"}
info: ✅ Connected to bhavcopy database. {"timestamp":"2025-08-10T20:02:25.188Z"}
info: ✅ bhavcopy database synced. {"timestamp":"2025-08-10T20:02:25.277Z"}
info: 🚀 Server running on http://http://localhost:8000/vap/ {"timestamp":"2025-08-10T20:02:25.282Z"}
info: ✅ Connected to stock_market database. {"timestamp":"2025-08-10T20:04:45.035Z"}
info: ✅ stock_market database synced. {"timestamp":"2025-08-10T20:04:50.909Z"}
info: ✅ Connected to bhavcopy database. {"timestamp":"2025-08-10T20:04:50.924Z"}
info: ✅ bhavcopy database synced. {"timestamp":"2025-08-10T20:04:50.996Z"}
info: 🚀 Server running on http://http://localhost:8000/vap/ {"timestamp":"2025-08-10T20:04:51.000Z"}
info: ✅ Connected to stock_market database. {"timestamp":"2025-08-10T20:09:07.836Z"}
info: ✅ stock_market database synced. {"timestamp":"2025-08-10T20:09:12.527Z"}
info: ✅ Connected to bhavcopy database. {"timestamp":"2025-08-10T20:09:12.555Z"}
info: ✅ bhavcopy database synced. {"timestamp":"2025-08-10T20:09:12.634Z"}
info: 🚀 Server running on http://http://localhost:8000/vap/ {"timestamp":"2025-08-10T20:09:12.638Z"}
info: ✅ Connected to stock_market database. {"timestamp":"2025-08-10T20:09:52.973Z"}
info: ✅ Connected to stock_market database. {"timestamp":"2025-08-10T20:09:57.346Z"}
info: ✅ stock_market database synced. {"timestamp":"2025-08-10T20:10:02.508Z"}
info: ✅ Connected to bhavcopy database. {"timestamp":"2025-08-10T20:10:02.527Z"}
info: ✅ bhavcopy database synced. {"timestamp":"2025-08-10T20:10:02.599Z"}
info: 🚀 Server running on http://http://localhost:8000/vap/ {"timestamp":"2025-08-10T20:10:02.609Z"}
error: 
    status - 500 
    message - Error: 
    at Query.run (D:\Projects\vap-be\backend\node_modules\sequelize\src\dialects\mysql\query.js:46:25)
    at D:\Projects\vap-be\backend\node_modules\sequelize\src\sequelize.js:650:28
    at processTicksAndRejections (node:internal/process/task_queues:105:5)
    at MySQLQueryInterface.select (D:\Projects\vap-be\backend\node_modules\sequelize\src\dialects\abstract\query-interface.js:1001:12)
    at Function.findAll (D:\Projects\vap-be\backend\node_modules\sequelize\src\model.js:1824:21)
    at async Promise.all (index 1)
    at Function.findAndCountAll (D:\Projects\vap-be\backend\node_modules\sequelize\src\model.js:2183:27) 
    url - /vap/bhavcopy/mcap 
    method - GET 
    IP - ::1
   {"timestamp":"2025-08-10T20:11:55.121Z"}
error: 
    status - 500 
    message - Error: 
    at Query.run (D:\Projects\vap-be\backend\node_modules\sequelize\src\dialects\mysql\query.js:46:25)
    at D:\Projects\vap-be\backend\node_modules\sequelize\src\sequelize.js:650:28
    at processTicksAndRejections (node:internal/process/task_queues:105:5)
    at MySQLQueryInterface.select (D:\Projects\vap-be\backend\node_modules\sequelize\src\dialects\abstract\query-interface.js:1001:12)
    at Function.findAll (D:\Projects\vap-be\backend\node_modules\sequelize\src\model.js:1824:21)
    at async Promise.all (index 1)
    at Function.findAndCountAll (D:\Projects\vap-be\backend\node_modules\sequelize\src\model.js:2183:27) 
    url - /vap/bhavcopy/bh 
    method - GET 
    IP - ::1
   {"timestamp":"2025-08-10T20:14:34.547Z"}
info: ✅ Connected to stock_market database. {"timestamp":"2025-08-10T20:20:25.802Z"}
info: ✅ stock_market database synced. {"timestamp":"2025-08-10T20:20:30.570Z"}
info: ✅ Connected to bhavcopy database. {"timestamp":"2025-08-10T20:20:30.585Z"}
info: ✅ bhavcopy database synced. {"timestamp":"2025-08-10T20:20:30.660Z"}
info: 🚀 Server running on http://http://localhost:8000/vap/ {"timestamp":"2025-08-10T20:20:30.665Z"}
info: ✅ Connected to stock_market database. {"timestamp":"2025-08-10T20:24:12.263Z"}
info: ✅ stock_market database synced. {"timestamp":"2025-08-10T20:24:16.766Z"}
info: ✅ Connected to bhavcopy database. {"timestamp":"2025-08-10T20:24:16.805Z"}
info: ✅ bhavcopy database synced. {"timestamp":"2025-08-10T20:24:16.912Z"}
info: 🚀 Server running on http://http://localhost:8000/vap/ {"timestamp":"2025-08-10T20:24:16.918Z"}
error: 
    status - 500 
    message - Error: 
    at Query.run (D:\Projects\vap-be\backend\node_modules\sequelize\src\dialects\mysql\query.js:46:25)
    at D:\Projects\vap-be\backend\node_modules\sequelize\src\sequelize.js:650:28
    at processTicksAndRejections (node:internal/process/task_queues:105:5)
    at MySQLQueryInterface.select (D:\Projects\vap-be\backend\node_modules\sequelize\src\dialects\abstract\query-interface.js:1001:12)
    at Function.findAll (D:\Projects\vap-be\backend\node_modules\sequelize\src\model.js:1824:21)
    at async Promise.all (index 1)
    at Function.findAndCountAll (D:\Projects\vap-be\backend\node_modules\sequelize\src\model.js:2183:27) 
    url - /vap/bhavcopy/bh 
    method - GET 
    IP - ::1
   {"timestamp":"2025-08-10T20:24:32.379Z"}
error: 
    status - 500 
    message - Error: 
    at Query.run (D:\Projects\vap-be\backend\node_modules\sequelize\src\dialects\mysql\query.js:46:25)
    at D:\Projects\vap-be\backend\node_modules\sequelize\src\sequelize.js:650:28
    at processTicksAndRejections (node:internal/process/task_queues:105:5)
    at MySQLQueryInterface.select (D:\Projects\vap-be\backend\node_modules\sequelize\src\dialects\abstract\query-interface.js:1001:12)
    at Function.findAll (D:\Projects\vap-be\backend\node_modules\sequelize\src\model.js:1824:21)
    at async Promise.all (index 1)
    at Function.findAndCountAll (D:\Projects\vap-be\backend\node_modules\sequelize\src\model.js:2183:27) 
    url - /vap/bhavcopy/bh 
    method - GET 
    IP - ::1
   {"timestamp":"2025-08-10T20:24:34.668Z"}
error: 
    status - 500 
    message - Error: 
    at Query.run (D:\Projects\vap-be\backend\node_modules\sequelize\src\dialects\mysql\query.js:46:25)
    at D:\Projects\vap-be\backend\node_modules\sequelize\src\sequelize.js:650:28
    at processTicksAndRejections (node:internal/process/task_queues:105:5)
    at MySQLQueryInterface.select (D:\Projects\vap-be\backend\node_modules\sequelize\src\dialects\abstract\query-interface.js:1001:12)
    at Function.findAll (D:\Projects\vap-be\backend\node_modules\sequelize\src\model.js:1824:21)
    at async Promise.all (index 1)
    at Function.findAndCountAll (D:\Projects\vap-be\backend\node_modules\sequelize\src\model.js:2183:27) 
    url - /vap/bhavcopy/bh 
    method - GET 
    IP - ::1
   {"timestamp":"2025-08-10T20:24:37.382Z"}
info: ✅ Connected to stock_market database. {"timestamp":"2025-08-10T20:28:01.484Z"}
info: ✅ stock_market database synced. {"timestamp":"2025-08-10T20:28:08.104Z"}
info: ✅ Connected to bhavcopy database. {"timestamp":"2025-08-10T20:28:08.130Z"}
info: ✅ bhavcopy database synced. {"timestamp":"2025-08-10T20:28:08.219Z"}
info: 🚀 Server running on http://http://localhost:8000/vap/ {"timestamp":"2025-08-10T20:28:08.224Z"}
error: 
    status - 500 
    message - Error: 
    at Query.run (D:\Projects\vap-be\backend\node_modules\sequelize\src\dialects\mysql\query.js:46:25)
    at D:\Projects\vap-be\backend\node_modules\sequelize\src\sequelize.js:650:28
    at processTicksAndRejections (node:internal/process/task_queues:105:5)
    at MySQLQueryInterface.select (D:\Projects\vap-be\backend\node_modules\sequelize\src\dialects\abstract\query-interface.js:1001:12)
    at Function.findAll (D:\Projects\vap-be\backend\node_modules\sequelize\src\model.js:1824:21)
    at async Promise.all (index 1)
    at Function.findAndCountAll (D:\Projects\vap-be\backend\node_modules\sequelize\src\model.js:2183:27) 
    url - /vap/bhavcopy/bh 
    method - GET 
    IP - ::1
   {"timestamp":"2025-08-10T20:28:11.927Z"}
info: ✅ Connected to stock_market database. {"timestamp":"2025-08-10T20:29:15.003Z"}
info: ✅ stock_market database synced. {"timestamp":"2025-08-10T20:29:19.623Z"}
info: ✅ Connected to bhavcopy database. {"timestamp":"2025-08-10T20:29:19.669Z"}
info: ✅ bhavcopy database synced. {"timestamp":"2025-08-10T20:29:19.907Z"}
info: 🚀 Server running on http://http://localhost:8000/vap/ {"timestamp":"2025-08-10T20:29:19.917Z"}
info: ✅ Connected to stock_market database. {"timestamp":"2025-08-10T20:30:15.393Z"}
info: ✅ stock_market database synced. {"timestamp":"2025-08-10T20:30:21.939Z"}
info: ✅ Connected to bhavcopy database. {"timestamp":"2025-08-10T20:30:21.953Z"}
info: ✅ bhavcopy database synced. {"timestamp":"2025-08-10T20:30:22.091Z"}
info: 🚀 Server running on http://http://localhost:8000/vap/ {"timestamp":"2025-08-10T20:30:22.097Z"}
error: 
    status - 500 
    message - Error: 
    at Query.run (D:\Projects\vap-be\backend\node_modules\sequelize\src\dialects\mysql\query.js:46:25)
    at D:\Projects\vap-be\backend\node_modules\sequelize\src\sequelize.js:650:28
    at processTicksAndRejections (node:internal/process/task_queues:105:5)
    at MySQLQueryInterface.select (D:\Projects\vap-be\backend\node_modules\sequelize\src\dialects\abstract\query-interface.js:1001:12)
    at Function.findAll (D:\Projects\vap-be\backend\node_modules\sequelize\src\model.js:1824:21)
    at async Promise.all (index 1)
    at Function.findAndCountAll (D:\Projects\vap-be\backend\node_modules\sequelize\src\model.js:2183:27) 
    url - /vap/bhavcopy/bh 
    method - GET 
    IP - ::1
   {"timestamp":"2025-08-10T20:30:30.335Z"}
error: 
    status - 500 
    message - Error: 
    at Query.run (D:\Projects\vap-be\backend\node_modules\sequelize\src\dialects\mysql\query.js:46:25)
    at D:\Projects\vap-be\backend\node_modules\sequelize\src\sequelize.js:650:28
    at processTicksAndRejections (node:internal/process/task_queues:105:5)
    at MySQLQueryInterface.select (D:\Projects\vap-be\backend\node_modules\sequelize\src\dialects\abstract\query-interface.js:1001:12)
    at Function.findAll (D:\Projects\vap-be\backend\node_modules\sequelize\src\model.js:1824:21)
    at async Promise.all (index 1)
    at Function.findAndCountAll (D:\Projects\vap-be\backend\node_modules\sequelize\src\model.js:2183:27) 
    url - /vap/bhavcopy/bh 
    method - GET 
    IP - ::1
   {"timestamp":"2025-08-10T20:30:33.633Z"}
error: 
    status - 500 
    message - Error: 
    at Query.run (D:\Projects\vap-be\backend\node_modules\sequelize\src\dialects\mysql\query.js:46:25)
    at D:\Projects\vap-be\backend\node_modules\sequelize\src\sequelize.js:650:28
    at processTicksAndRejections (node:internal/process/task_queues:105:5)
    at MySQLQueryInterface.select (D:\Projects\vap-be\backend\node_modules\sequelize\src\dialects\abstract\query-interface.js:1001:12)
    at Function.findAll (D:\Projects\vap-be\backend\node_modules\sequelize\src\model.js:1824:21)
    at async Promise.all (index 1)
    at Function.findAndCountAll (D:\Projects\vap-be\backend\node_modules\sequelize\src\model.js:2183:27) 
    url - /vap/bhavcopy/bh 
    method - GET 
    IP - ::1
   {"timestamp":"2025-08-10T20:30:35.467Z"}
info: ✅ Connected to stock_market database. {"timestamp":"2025-08-10T20:35:52.938Z"}
info: ✅ stock_market database synced. {"timestamp":"2025-08-10T20:35:58.065Z"}
info: ✅ Connected to bhavcopy database. {"timestamp":"2025-08-10T20:35:58.103Z"}
info: ✅ bhavcopy database synced. {"timestamp":"2025-08-10T20:35:58.186Z"}
info: 🚀 Server running on http://http://localhost:8000/vap/ {"timestamp":"2025-08-10T20:35:58.190Z"}
info: ✅ Connected to stock_market database. {"timestamp":"2025-08-10T20:36:56.745Z"}
info: ✅ stock_market database synced. {"timestamp":"2025-08-10T20:37:00.940Z"}
info: ✅ Connected to bhavcopy database. {"timestamp":"2025-08-10T20:37:00.987Z"}
info: ✅ bhavcopy database synced. {"timestamp":"2025-08-10T20:37:01.054Z"}
info: 🚀 Server running on http://http://localhost:8000/vap/ {"timestamp":"2025-08-10T20:37:01.061Z"}
info: ✅ Connected to stock_market database. {"timestamp":"2025-08-10T20:38:57.833Z"}
info: ✅ stock_market database synced. {"timestamp":"2025-08-10T20:39:03.259Z"}
info: ✅ Connected to bhavcopy database. {"timestamp":"2025-08-10T20:39:03.269Z"}
info: ✅ bhavcopy database synced. {"timestamp":"2025-08-10T20:39:03.353Z"}
info: 🚀 Server running on http://http://localhost:8000/vap/ {"timestamp":"2025-08-10T20:39:03.360Z"}
info: ✅ Connected to stock_market database. {"timestamp":"2025-08-10T20:39:37.370Z"}
info: ✅ stock_market database synced. {"timestamp":"2025-08-10T20:39:42.373Z"}
info: ✅ Connected to bhavcopy database. {"timestamp":"2025-08-10T20:39:42.400Z"}
info: ✅ bhavcopy database synced. {"timestamp":"2025-08-10T20:39:42.514Z"}
info: 🚀 Server running on http://http://localhost:8000/vap/ {"timestamp":"2025-08-10T20:39:42.521Z"}
info: ✅ Connected to stock_market database. {"timestamp":"2025-08-10T20:39:53.852Z"}
info: ✅ stock_market database synced. {"timestamp":"2025-08-10T20:39:59.460Z"}
info: ✅ Connected to bhavcopy database. {"timestamp":"2025-08-10T20:39:59.474Z"}
info: ✅ bhavcopy database synced. {"timestamp":"2025-08-10T20:39:59.524Z"}
info: 🚀 Server running on http://http://localhost:8000/vap/ {"timestamp":"2025-08-10T20:39:59.528Z"}
info: ✅ Connected to stock_market database. {"timestamp":"2025-08-11T07:34:10.835Z"}
info: ✅ stock_market database synced. {"timestamp":"2025-08-11T07:34:32.529Z"}
info: ✅ Connected to bhavcopy database. {"timestamp":"2025-08-11T07:34:32.915Z"}
info: ✅ bhavcopy database synced. {"timestamp":"2025-08-11T07:34:33.369Z"}
info: 🚀 Server running on http://http://localhost:8000/vap/ {"timestamp":"2025-08-11T07:34:33.376Z"}
info: ✅ Connected to stock_market database. {"timestamp":"2025-08-11T07:35:57.593Z"}
info: ✅ Connected to stock_market database. {"timestamp":"2025-08-11T07:36:02.301Z"}
info: ✅ stock_market database synced. {"timestamp":"2025-08-11T07:36:10.767Z"}
info: ✅ Connected to bhavcopy database. {"timestamp":"2025-08-11T07:36:10.945Z"}
info: ✅ bhavcopy database synced. {"timestamp":"2025-08-11T07:36:11.265Z"}
info: 🚀 Server running on http://http://localhost:8000/vap/ {"timestamp":"2025-08-11T07:36:11.294Z"}
info: ✅ Connected to stock_market database. {"timestamp":"2025-08-11T07:48:54.688Z"}
info: ✅ stock_market database synced. {"timestamp":"2025-08-11T07:49:01.373Z"}
info: ✅ Connected to bhavcopy database. {"timestamp":"2025-08-11T07:49:01.452Z"}
info: ✅ bhavcopy database synced. {"timestamp":"2025-08-11T07:49:01.538Z"}
info: 🚀 Server running on http://http://localhost:8000/vap/ {"timestamp":"2025-08-11T07:49:01.542Z"}
info: ✅ Connected to stock_market database. {"timestamp":"2025-08-11T07:51:07.374Z"}
info: ✅ stock_market database synced. {"timestamp":"2025-08-11T07:51:12.930Z"}
info: ✅ Connected to bhavcopy database. {"timestamp":"2025-08-11T07:51:12.972Z"}
info: ✅ bhavcopy database synced. {"timestamp":"2025-08-11T07:51:13.075Z"}
info: 🚀 Server running on /{hOST}:8000/vap/ {"timestamp":"2025-08-11T07:51:13.082Z"}
info: ✅ Connected to stock_market database. {"timestamp":"2025-08-11T07:51:25.748Z"}
info: ✅ Connected to stock_market database. {"timestamp":"2025-08-11T07:51:34.280Z"}
info: ✅ Connected to stock_market database. {"timestamp":"2025-08-11T07:51:39.948Z"}
info: ✅ stock_market database synced. {"timestamp":"2025-08-11T07:51:45.571Z"}
info: ✅ Connected to bhavcopy database. {"timestamp":"2025-08-11T07:51:45.649Z"}
info: ✅ bhavcopy database synced. {"timestamp":"2025-08-11T07:51:45.777Z"}
info: 🚀 Server running on http://localhost:8000/vap/ {"timestamp":"2025-08-11T07:51:45.786Z"}
info: ✅ Connected to stock_market database. {"timestamp":"2025-08-11T07:56:33.099Z"}
info: ✅ stock_market database synced. {"timestamp":"2025-08-11T07:56:39.321Z"}
info: ✅ Connected to bhavcopy database. {"timestamp":"2025-08-11T07:56:39.415Z"}
info: ✅ bhavcopy database synced. {"timestamp":"2025-08-11T07:56:39.528Z"}
info: 🚀 Server running on http://localhost:8000/vap/ {"timestamp":"2025-08-11T07:56:39.532Z"}
info: ✅ Connected to stock_market database. {"timestamp":"2025-08-11T07:56:53.887Z"}
info: ✅ stock_market database synced. {"timestamp":"2025-08-11T07:56:59.892Z"}
info: ✅ Connected to bhavcopy database. {"timestamp":"2025-08-11T07:56:59.906Z"}
info: ✅ bhavcopy database synced. {"timestamp":"2025-08-11T07:57:00.018Z"}
info: 🚀 Server running on http://localhost:8000/vap/ {"timestamp":"2025-08-11T07:57:00.024Z"}
error: 
    status - 500 
    message - Error: 
    at Query.run (D:\Projects\vap-be\backend\node_modules\sequelize\src\dialects\mysql\query.js:46:25)
    at D:\Projects\vap-be\backend\node_modules\sequelize\src\sequelize.js:650:28
    at processTicksAndRejections (node:internal/process/task_queues:105:5)
    at MySQLQueryInterface.select (D:\Projects\vap-be\backend\node_modules\sequelize\src\dialects\abstract\query-interface.js:1001:12)
    at Function.findAll (D:\Projects\vap-be\backend\node_modules\sequelize\src\model.js:1824:21)
    at async Promise.all (index 1)
    at Function.findAndCountAll (D:\Projects\vap-be\backend\node_modules\sequelize\src\model.js:2183:27) 
    url - /vap/bhavcopy/bh 
    method - GET 
    IP - ::1
   {"timestamp":"2025-08-11T08:01:56.932Z"}
info: ✅ Connected to stock_market database. {"timestamp":"2025-08-11T08:03:31.005Z"}
info: ✅ Connected to stock_market database. {"timestamp":"2025-08-11T08:03:45.741Z"}
info: ✅ Connected to stock_market database. {"timestamp":"2025-08-11T08:03:49.972Z"}
info: ✅ stock_market database synced. {"timestamp":"2025-08-11T08:03:55.022Z"}
info: ✅ Connected to bhavcopy database. {"timestamp":"2025-08-11T08:03:55.264Z"}
info: ✅ bhavcopy database synced. {"timestamp":"2025-08-11T08:03:55.424Z"}
info: 🚀 Server running on http://localhost:8000/vap/ {"timestamp":"2025-08-11T08:03:55.430Z"}
info: ✅ Connected to stock_market database. {"timestamp":"2025-08-11T08:04:39.897Z"}
info: ✅ stock_market database synced. {"timestamp":"2025-08-11T08:04:45.998Z"}
info: ✅ Connected to bhavcopy database. {"timestamp":"2025-08-11T08:04:46.036Z"}
info: ✅ bhavcopy database synced. {"timestamp":"2025-08-11T08:04:46.150Z"}
info: 🚀 Server running on http://localhost:8000/vap/ {"timestamp":"2025-08-11T08:04:46.160Z"}
error: 
    status - 500 
    message - Error: 
    at Query.run (D:\Projects\vap-be\backend\node_modules\sequelize\src\dialects\mysql\query.js:46:25)
    at D:\Projects\vap-be\backend\node_modules\sequelize\src\sequelize.js:650:28
    at processTicksAndRejections (node:internal/process/task_queues:105:5)
    at MySQLQueryInterface.select (D:\Projects\vap-be\backend\node_modules\sequelize\src\dialects\abstract\query-interface.js:1001:12)
    at Function.findAll (D:\Projects\vap-be\backend\node_modules\sequelize\src\model.js:1824:21)
    at async Promise.all (index 1)
    at Function.findAndCountAll (D:\Projects\vap-be\backend\node_modules\sequelize\src\model.js:2183:27) 
    url - /vap/bhavcopy/bh 
    method - GET 
    IP - ::1
   {"timestamp":"2025-08-11T08:05:42.931Z"}
error: 
    status - 500 
    message - Error: 
    at Query.run (D:\Projects\vap-be\backend\node_modules\sequelize\src\dialects\mysql\query.js:46:25)
    at D:\Projects\vap-be\backend\node_modules\sequelize\src\sequelize.js:650:28
    at processTicksAndRejections (node:internal/process/task_queues:105:5)
    at MySQLQueryInterface.select (D:\Projects\vap-be\backend\node_modules\sequelize\src\dialects\abstract\query-interface.js:1001:12)
    at Function.findAll (D:\Projects\vap-be\backend\node_modules\sequelize\src\model.js:1824:21)
    at async Promise.all (index 1)
    at Function.findAndCountAll (D:\Projects\vap-be\backend\node_modules\sequelize\src\model.js:2183:27) 
    url - /vap/bhavcopy/bh 
    method - GET 
    IP - ::1
   {"timestamp":"2025-08-11T08:06:04.080Z"}
info: ✅ Connected to stock_market database. {"timestamp":"2025-08-11T08:07:45.846Z"}
info: ✅ stock_market database synced. {"timestamp":"2025-08-11T08:07:51.371Z"}
info: ✅ Connected to bhavcopy database. {"timestamp":"2025-08-11T08:07:51.448Z"}
info: ✅ bhavcopy database synced. {"timestamp":"2025-08-11T08:07:51.524Z"}
info: 🚀 Server running on http://localhost:8000/vap/ {"timestamp":"2025-08-11T08:07:51.529Z"}
info: ✅ Connected to stock_market database. {"timestamp":"2025-08-11T08:08:04.694Z"}
info: ✅ Connected to stock_market database. {"timestamp":"2025-08-11T08:08:12.161Z"}
info: ✅ stock_market database synced. {"timestamp":"2025-08-11T08:08:16.677Z"}
info: ✅ Connected to bhavcopy database. {"timestamp":"2025-08-11T08:08:16.688Z"}
info: ✅ bhavcopy database synced. {"timestamp":"2025-08-11T08:08:16.767Z"}
info: 🚀 Server running on http://localhost:8000/vap/ {"timestamp":"2025-08-11T08:08:16.777Z"}
info: ✅ Connected to stock_market database. {"timestamp":"2025-08-11T08:08:41.714Z"}
info: ✅ Connected to stock_market database. {"timestamp":"2025-08-11T08:08:57.745Z"}
info: ✅ stock_market database synced. {"timestamp":"2025-08-11T08:09:05.585Z"}
info: ✅ Connected to bhavcopy database. {"timestamp":"2025-08-11T08:09:05.597Z"}
info: ✅ bhavcopy database synced. {"timestamp":"2025-08-11T08:09:05.689Z"}
info: 🚀 Server running on http://localhost:8000/vap/ {"timestamp":"2025-08-11T08:09:05.696Z"}
error: 
    status - 500 
    message - Error: 
    at Query.run (D:\Projects\vap-be\backend\node_modules\sequelize\src\dialects\mysql\query.js:46:25)
    at D:\Projects\vap-be\backend\node_modules\sequelize\src\sequelize.js:650:28
    at processTicksAndRejections (node:internal/process/task_queues:105:5)
    at MySQLQueryInterface.select (D:\Projects\vap-be\backend\node_modules\sequelize\src\dialects\abstract\query-interface.js:1001:12)
    at Function.findAll (D:\Projects\vap-be\backend\node_modules\sequelize\src\model.js:1824:21)
    at async Promise.all (index 1)
    at Function.findAndCountAll (D:\Projects\vap-be\backend\node_modules\sequelize\src\model.js:2183:27) 
    url - /vap/bhavcopy/bh 
    method - GET 
    IP - ::1
   {"timestamp":"2025-08-11T08:09:32.682Z"}
error: 
    status - 500 
    message - Error: 
    at Query.run (D:\Projects\vap-be\backend\node_modules\sequelize\src\dialects\mysql\query.js:46:25)
    at D:\Projects\vap-be\backend\node_modules\sequelize\src\sequelize.js:650:28
    at processTicksAndRejections (node:internal/process/task_queues:105:5)
    at MySQLQueryInterface.select (D:\Projects\vap-be\backend\node_modules\sequelize\src\dialects\abstract\query-interface.js:1001:12)
    at Function.findAll (D:\Projects\vap-be\backend\node_modules\sequelize\src\model.js:1824:21)
    at async Promise.all (index 1)
    at Function.findAndCountAll (D:\Projects\vap-be\backend\node_modules\sequelize\src\model.js:2183:27) 
    url - /vap/bhavcopy/bh 
    method - GET 
    IP - ::1
   {"timestamp":"2025-08-11T08:09:37.144Z"}
info: ✅ Connected to stock_market database. {"timestamp":"2025-08-11T08:17:52.507Z"}
info: ✅ stock_market database synced. {"timestamp":"2025-08-11T08:17:57.754Z"}
info: ✅ Connected to bhavcopy database. {"timestamp":"2025-08-11T08:17:57.774Z"}
info: ✅ bhavcopy database synced. {"timestamp":"2025-08-11T08:17:57.859Z"}
info: 🚀 Server running on http://localhost:8000/vap/ {"timestamp":"2025-08-11T08:17:57.868Z"}
error: 
    status - 500 
    message - TypeError: Cannot read properties of undefined (reading 'status')
    at _callee$ (D:\Projects\vap-be\backend\src\services\/bhavcopyService.js:42:9)
    at s (D:\Projects\vap-be\backend\node_modules\@babel\runtime\helpers\regeneratorRuntime.js:75:16)
    at Generator.<anonymous> (D:\Projects\vap-be\backend\node_modules\@babel\runtime\helpers\regeneratorRuntime.js:58:19)
    at Generator.next (D:\Projects\vap-be\backend\node_modules\@babel\runtime\helpers\regeneratorRuntime.js:100:21)
    at asyncGeneratorStep (D:\Projects\vap-be\backend\node_modules\@babel\runtime\helpers\asyncToGenerator.js:3:17)
    at _next (D:\Projects\vap-be\backend\node_modules\@babel\runtime\helpers\asyncToGenerator.js:17:9)
    at D:\Projects\vap-be\backend\node_modules\@babel\runtime\helpers\asyncToGenerator.js:22:7
    at new Promise (<anonymous>)
    at apply (D:\Projects\vap-be\backend\node_modules\@babel\runtime\helpers\asyncToGenerator.js:14:12)
    at getPaginatedData (D:\Projects\vap-be\backend\src\services\/bhavcopyService.js:9:30)
    at _callee2$ (D:\Projects\vap-be\backend\src\controllers\/bhavcopyController.js:14:113)
    at s (D:\Projects\vap-be\backend\node_modules\@babel\runtime\helpers\regeneratorRuntime.js:75:16)
    at Generator.<anonymous> (D:\Projects\vap-be\backend\node_modules\@babel\runtime\helpers\regeneratorRuntime.js:58:19)
    at Generator.next (D:\Projects\vap-be\backend\node_modules\@babel\runtime\helpers\regeneratorRuntime.js:100:21)
    at asyncGeneratorStep (D:\Projects\vap-be\backend\node_modules\@babel\runtime\helpers\asyncToGenerator.js:3:17)
    at _next (D:\Projects\vap-be\backend\node_modules\@babel\runtime\helpers\asyncToGenerator.js:17:9)
    at D:\Projects\vap-be\backend\node_modules\@babel\runtime\helpers\asyncToGenerator.js:22:7
    at new Promise (<anonymous>)
    at apply (D:\Projects\vap-be\backend\node_modules\@babel\runtime\helpers\asyncToGenerator.js:14:12)
    at fn (D:\Projects\vap-be\backend\src\controllers\/bhavcopyController.js:14:132)
    at D:\Projects\vap-be\backend\src\controllers\/bhavcopyController.js:7:19
    at Layer.handle [as handle_request] (D:\Projects\vap-be\backend\node_modules\express\lib\router\layer.js:95:5)
    at next (D:\Projects\vap-be\backend\node_modules\express\lib\router\route.js:149:13)
    at Route.dispatch (D:\Projects\vap-be\backend\node_modules\express\lib\router\route.js:119:3)
    at Layer.handle [as handle_request] (D:\Projects\vap-be\backend\node_modules\express\lib\router\layer.js:95:5)
    at D:\Projects\vap-be\backend\node_modules\express\lib\router\index.js:284:15
    at Function.process_params (D:\Projects\vap-be\backend\node_modules\express\lib\router\index.js:346:12)
    at next (D:\Projects\vap-be\backend\node_modules\express\lib\router\index.js:280:10)
    at Function.handle (D:\Projects\vap-be\backend\node_modules\express\lib\router\index.js:175:3)
    at router (D:\Projects\vap-be\backend\node_modules\express\lib\router\index.js:47:12)
    at Layer.handle [as handle_request] (D:\Projects\vap-be\backend\node_modules\express\lib\router\layer.js:95:5)
    at trim_prefix (D:\Projects\vap-be\backend\node_modules\express\lib\router\index.js:328:13)
    at D:\Projects\vap-be\backend\node_modules\express\lib\router\index.js:286:9
    at Function.process_params (D:\Projects\vap-be\backend\node_modules\express\lib\router\index.js:346:12)
    at next (D:\Projects\vap-be\backend\node_modules\express\lib\router\index.js:280:10)
    at logger (D:\Projects\vap-be\backend\node_modules\morgan\index.js:144:5)
    at Layer.handle [as handle_request] (D:\Projects\vap-be\backend\node_modules\express\lib\router\layer.js:95:5)
    at trim_prefix (D:\Projects\vap-be\backend\node_modules\express\lib\router\index.js:328:13)
    at D:\Projects\vap-be\backend\node_modules\express\lib\router\index.js:286:9
    at Function.process_params (D:\Projects\vap-be\backend\node_modules\express\lib\router\index.js:346:12)
    at next (D:\Projects\vap-be\backend\node_modules\express\lib\router\index.js:280:10)
    at urlencodedParser (D:\Projects\vap-be\backend\node_modules\body-parser\lib\types\urlencoded.js:85:7)
    at Layer.handle [as handle_request] (D:\Projects\vap-be\backend\node_modules\express\lib\router\layer.js:95:5)
    at trim_prefix (D:\Projects\vap-be\backend\node_modules\express\lib\router\index.js:328:13)
    at D:\Projects\vap-be\backend\node_modules\express\lib\router\index.js:286:9
    at Function.process_params (D:\Projects\vap-be\backend\node_modules\express\lib\router\index.js:346:12)
    at next (D:\Projects\vap-be\backend\node_modules\express\lib\router\index.js:280:10)
    at D:\Projects\vap-be\backend\node_modules\body-parser\lib\read.js:137:5
    at AsyncResource.runInAsyncScope (node:async_hooks:214:14)
    at invokeCallback (D:\Projects\vap-be\backend\node_modules\raw-body\index.js:238:16) 
    url - /vap/bhavcopy/bh 
    method - GET 
    IP - ::1
   {"timestamp":"2025-08-11T08:18:08.601Z"}
info: ✅ Connected to stock_market database. {"timestamp":"2025-08-11T08:19:25.397Z"}
info: ✅ stock_market database synced. {"timestamp":"2025-08-11T08:19:33.536Z"}
info: ✅ Connected to bhavcopy database. {"timestamp":"2025-08-11T08:19:33.556Z"}
info: ✅ bhavcopy database synced. {"timestamp":"2025-08-11T08:19:33.699Z"}
info: 🚀 Server running on http://localhost:8000/vap/ {"timestamp":"2025-08-11T08:19:33.705Z"}
info: ✅ Connected to stock_market database. {"timestamp":"2025-08-11T08:19:47.570Z"}
info: ✅ stock_market database synced. {"timestamp":"2025-08-11T08:19:52.747Z"}
info: ✅ Connected to bhavcopy database. {"timestamp":"2025-08-11T08:19:52.937Z"}
info: ✅ bhavcopy database synced. {"timestamp":"2025-08-11T08:19:53.041Z"}
info: 🚀 Server running on http://localhost:8000/vap/ {"timestamp":"2025-08-11T08:19:53.045Z"}
error: 
    status - 500 
    message - Error: 
    at Query.run (D:\Projects\vap-be\backend\node_modules\sequelize\src\dialects\mysql\query.js:46:25)
    at D:\Projects\vap-be\backend\node_modules\sequelize\src\sequelize.js:650:28
    at processTicksAndRejections (node:internal/process/task_queues:105:5)
    at MySQLQueryInterface.select (D:\Projects\vap-be\backend\node_modules\sequelize\src\dialects\abstract\query-interface.js:1001:12)
    at Function.findAll (D:\Projects\vap-be\backend\node_modules\sequelize\src\model.js:1824:21)
    at async Promise.all (index 1)
    at Function.findAndCountAll (D:\Projects\vap-be\backend\node_modules\sequelize\src\model.js:2183:27) 
    url - /vap/bhavcopy/bh 
    method - GET 
    IP - ::1
   {"timestamp":"2025-08-11T08:20:04.091Z"}
info: ✅ Connected to stock_market database. {"timestamp":"2025-08-11T08:21:39.494Z"}
info: ✅ stock_market database synced. {"timestamp":"2025-08-11T08:21:48.039Z"}
info: ✅ Connected to bhavcopy database. {"timestamp":"2025-08-11T08:21:48.058Z"}
info: ✅ bhavcopy database synced. {"timestamp":"2025-08-11T08:21:48.206Z"}
info: 🚀 Server running on http://localhost:8000/vap/ {"timestamp":"2025-08-11T08:21:48.240Z"}
info: ✅ Connected to stock_market database. {"timestamp":"2025-08-11T08:22:18.674Z"}
info: ✅ stock_market database synced. {"timestamp":"2025-08-11T08:22:24.185Z"}
info: ✅ Connected to bhavcopy database. {"timestamp":"2025-08-11T08:22:24.198Z"}
info: ✅ bhavcopy database synced. {"timestamp":"2025-08-11T08:22:24.282Z"}
info: 🚀 Server running on http://localhost:8000/vap/ {"timestamp":"2025-08-11T08:22:24.286Z"}
error: 
    status - 500 
    message - Error: 
    at Query.run (D:\Projects\vap-be\backend\node_modules\sequelize\src\dialects\mysql\query.js:46:25)
    at D:\Projects\vap-be\backend\node_modules\sequelize\src\sequelize.js:650:28
    at processTicksAndRejections (node:internal/process/task_queues:105:5)
    at MySQLQueryInterface.select (D:\Projects\vap-be\backend\node_modules\sequelize\src\dialects\abstract\query-interface.js:1001:12)
    at Function.findAll (D:\Projects\vap-be\backend\node_modules\sequelize\src\model.js:1824:21)
    at async Promise.all (index 1)
    at Function.findAndCountAll (D:\Projects\vap-be\backend\node_modules\sequelize\src\model.js:2183:27) 
    url - /vap/bhavcopy/bh 
    method - GET 
    IP - ::1
   {"timestamp":"2025-08-11T08:22:33.337Z"}
info: ✅ Connected to stock_market database. {"timestamp":"2025-08-11T08:22:59.957Z"}
info: ✅ stock_market database synced. {"timestamp":"2025-08-11T08:23:06.198Z"}
info: ✅ Connected to bhavcopy database. {"timestamp":"2025-08-11T08:23:06.224Z"}
info: ✅ Connected to stock_market database. {"timestamp":"2025-08-11T08:23:37.079Z"}
info: ✅ stock_market database synced. {"timestamp":"2025-08-11T08:23:52.718Z"}
info: ✅ Connected to bhavcopy database. {"timestamp":"2025-08-11T08:23:52.735Z"}
info: ✅ Connected to stock_market database. {"timestamp":"2025-08-11T08:24:08.516Z"}
info: ✅ stock_market database synced. {"timestamp":"2025-08-11T08:24:42.286Z"}
info: ✅ Connected to bhavcopy database. {"timestamp":"2025-08-11T08:24:42.303Z"}
info: ✅ bhavcopy database synced. {"timestamp":"2025-08-11T08:24:42.676Z"}
info: 🚀 Server running on http://localhost:8000/vap/ {"timestamp":"2025-08-11T08:24:42.680Z"}
info: ✅ Connected to stock_market database. {"timestamp":"2025-08-11T08:25:43.529Z"}
info: ✅ stock_market database synced. {"timestamp":"2025-08-11T08:25:50.458Z"}
info: ✅ Connected to bhavcopy database. {"timestamp":"2025-08-11T08:25:50.469Z"}
info: ✅ bhavcopy database synced. {"timestamp":"2025-08-11T08:25:50.542Z"}
info: 🚀 Server running on http://localhost:8000/vap/ {"timestamp":"2025-08-11T08:25:50.546Z"}
info: ✅ Connected to stock_market database. {"timestamp":"2025-08-11T08:26:46.045Z"}
info: ✅ stock_market database synced. {"timestamp":"2025-08-11T08:26:53.548Z"}
info: ✅ Connected to bhavcopy database. {"timestamp":"2025-08-11T08:26:53.582Z"}
info: ✅ bhavcopy database synced. {"timestamp":"2025-08-11T08:26:53.655Z"}
info: 🚀 Server running on http://localhost:8000/vap/ {"timestamp":"2025-08-11T08:26:53.659Z"}
info: ✅ Connected to stock_market database. {"timestamp":"2025-08-11T08:27:38.282Z"}
info: ✅ stock_market database synced. {"timestamp":"2025-08-11T08:27:45.016Z"}
info: ✅ Connected to bhavcopy database. {"timestamp":"2025-08-11T08:27:45.029Z"}
info: ✅ bhavcopy database synced. {"timestamp":"2025-08-11T08:27:45.154Z"}
info: 🚀 Server running on http://localhost:8000/vap/ {"timestamp":"2025-08-11T08:27:45.159Z"}
info: ✅ Connected to stock_market database. {"timestamp":"2025-08-11T08:30:03.360Z"}
info: ✅ stock_market database synced. {"timestamp":"2025-08-11T08:30:09.113Z"}
info: ✅ Connected to bhavcopy database. {"timestamp":"2025-08-11T08:30:09.128Z"}
info: ✅ bhavcopy database synced. {"timestamp":"2025-08-11T08:30:09.257Z"}
info: 🚀 Server running on http://localhost:8000/vap/ {"timestamp":"2025-08-11T08:30:09.262Z"}
info: ✅ Connected to stock_market database. {"timestamp":"2025-08-11T08:38:11.079Z"}
info: ✅ stock_market database synced. {"timestamp":"2025-08-11T08:38:17.104Z"}
info: ✅ Connected to bhavcopy database. {"timestamp":"2025-08-11T08:38:17.145Z"}
info: ✅ bhavcopy database synced. {"timestamp":"2025-08-11T08:38:17.227Z"}
info: 🚀 Server running on http://localhost:8000/vap/ {"timestamp":"2025-08-11T08:38:17.232Z"}
info: ✅ Connected to stock_market database. {"timestamp":"2025-08-11T08:39:06.919Z"}
info: ✅ stock_market database synced. {"timestamp":"2025-08-11T08:39:12.360Z"}
info: ✅ Connected to bhavcopy database. {"timestamp":"2025-08-11T08:39:12.385Z"}
info: ✅ bhavcopy database synced. {"timestamp":"2025-08-11T08:39:12.529Z"}
info: 🚀 Server running on http://localhost:8000/vap/ {"timestamp":"2025-08-11T08:39:12.542Z"}
error: 
    status - 500 
    message - Error: 
    at Query.run (D:\Projects\vap-be\backend\node_modules\sequelize\src\dialects\mysql\query.js:46:25)
    at D:\Projects\vap-be\backend\node_modules\sequelize\src\sequelize.js:650:28
    at processTicksAndRejections (node:internal/process/task_queues:105:5)
    at MySQLQueryInterface.select (D:\Projects\vap-be\backend\node_modules\sequelize\src\dialects\abstract\query-interface.js:1001:12)
    at Function.findAll (D:\Projects\vap-be\backend\node_modules\sequelize\src\model.js:1824:21)
    at async Promise.all (index 1)
    at Function.findAndCountAll (D:\Projects\vap-be\backend\node_modules\sequelize\src\model.js:2183:27) 
    url - /vap/bhavcopy/bh 
    method - GET 
    IP - ::1
   {"timestamp":"2025-08-11T08:39:33.183Z"}
error: 
    status - 500 
    message - Error: 
    at Query.run (D:\Projects\vap-be\backend\node_modules\sequelize\src\dialects\mysql\query.js:46:25)
    at D:\Projects\vap-be\backend\node_modules\sequelize\src\sequelize.js:650:28
    at processTicksAndRejections (node:internal/process/task_queues:105:5)
    at MySQLQueryInterface.select (D:\Projects\vap-be\backend\node_modules\sequelize\src\dialects\abstract\query-interface.js:1001:12)
    at Function.findAll (D:\Projects\vap-be\backend\node_modules\sequelize\src\model.js:1824:21)
    at async Promise.all (index 1)
    at Function.findAndCountAll (D:\Projects\vap-be\backend\node_modules\sequelize\src\model.js:2183:27) 
    url - /vap/bhavcopy/bh 
    method - GET 
    IP - ::1
   {"timestamp":"2025-08-11T08:39:37.556Z"}
info: ✅ Connected to stock_market database. {"timestamp":"2025-08-11T08:40:37.275Z"}
info: ✅ stock_market database synced. {"timestamp":"2025-08-11T08:40:42.179Z"}
info: ✅ Connected to bhavcopy database. {"timestamp":"2025-08-11T08:40:42.190Z"}
info: ✅ bhavcopy database synced. {"timestamp":"2025-08-11T08:40:42.267Z"}
info: 🚀 Server running on http://localhost:8000/vap/ {"timestamp":"2025-08-11T08:40:42.272Z"}
info: ✅ Connected to stock_market database. {"timestamp":"2025-08-11T08:53:13.937Z"}
info: ✅ stock_market database synced. {"timestamp":"2025-08-11T08:53:20.054Z"}
info: ✅ Connected to bhavcopy database. {"timestamp":"2025-08-11T08:53:20.066Z"}
info: ✅ bhavcopy database synced. {"timestamp":"2025-08-11T08:53:20.149Z"}
info: 🚀 Server running on http://localhost:8000/vap/ {"timestamp":"2025-08-11T08:53:20.155Z"}
info: ✅ Connected to stock_market database. {"timestamp":"2025-08-11T08:56:06.826Z"}
info: ✅ stock_market database synced. {"timestamp":"2025-08-11T08:56:12.109Z"}
info: ✅ Connected to bhavcopy database. {"timestamp":"2025-08-11T08:56:12.122Z"}
info: ✅ bhavcopy database synced. {"timestamp":"2025-08-11T08:56:12.241Z"}
info: 🚀 Server running on http://localhost:8000/vap/ {"timestamp":"2025-08-11T08:56:12.247Z"}
info: ✅ Connected to stock_market database. {"timestamp":"2025-08-11T09:04:07.975Z"}
