info: ✅ Connected to stock_market database. {"timestamp":"2025-08-16T07:05:06.364Z"}
info: ✅ stock_market database synced. {"timestamp":"2025-08-16T07:05:07.316Z"}
info: ✅ Connected to bhavcopy database. {"timestamp":"2025-08-16T07:05:07.337Z"}
info: ✅ bhavcopy database synced. {"timestamp":"2025-08-16T07:05:07.431Z"}
info: 🚀 Server running on http://localhost:8000/vap/ {"timestamp":"2025-08-16T07:05:07.435Z"}
info: ✅ Connected to stock_market database. {"timestamp":"2025-08-16T07:14:43.093Z"}
info: ✅ stock_market database synced. {"timestamp":"2025-08-16T07:14:49.760Z"}
info: ✅ Connected to stock_market database. {"timestamp":"2025-08-16T07:14:53.877Z"}
info: ✅ stock_market database synced. {"timestamp":"2025-08-16T07:14:53.916Z"}
info: ✅ Connected to bhavcopy database. {"timestamp":"2025-08-16T07:14:53.927Z"}
info: ✅ bhavcopy database synced. {"timestamp":"2025-08-16T07:14:54.134Z"}
info: 🚀 Server running on http://localhost:8000/vap/ {"timestamp":"2025-08-16T07:14:54.139Z"}
info: ✅ Connected to stock_market database. {"timestamp":"2025-08-16T07:16:13.948Z"}
info: ✅ stock_market database synced. {"timestamp":"2025-08-16T07:16:15.394Z"}
info: ✅ Connected to bhavcopy database. {"timestamp":"2025-08-16T07:16:15.404Z"}
info: ✅ bhavcopy database synced. {"timestamp":"2025-08-16T07:16:15.452Z"}
info: 🚀 Server running on http://localhost:8000/vap/ {"timestamp":"2025-08-16T07:16:15.457Z"}
info: ✅ Connected to stock_market database. {"timestamp":"2025-08-16T07:16:32.262Z"}
info: ✅ stock_market database synced. {"timestamp":"2025-08-16T07:16:32.288Z"}
info: ✅ Connected to stock_market database. {"timestamp":"2025-08-16T07:16:35.624Z"}
info: ✅ stock_market database synced. {"timestamp":"2025-08-16T07:16:35.654Z"}
info: ✅ Connected to bhavcopy database. {"timestamp":"2025-08-16T07:16:35.665Z"}
info: ✅ bhavcopy database synced. {"timestamp":"2025-08-16T07:16:35.809Z"}
info: 🚀 Server running on http://localhost:8000/vap/ {"timestamp":"2025-08-16T07:16:35.813Z"}
info: ✅ Connected to stock_market database. {"timestamp":"2025-08-16T07:30:13.483Z"}
info: ✅ stock_market database synced. {"timestamp":"2025-08-16T07:30:13.607Z"}
info: ✅ Connected to bhavcopy database. {"timestamp":"2025-08-16T07:30:13.617Z"}
info: ✅ bhavcopy database synced. {"timestamp":"2025-08-16T07:30:13.663Z"}
info: 🚀 Server running on http://localhost:8000/vap/ {"timestamp":"2025-08-16T07:30:13.666Z"}
info: ✅ Connected to stock_market database. {"timestamp":"2025-08-16T07:30:56.963Z"}
info: ✅ stock_market database synced. {"timestamp":"2025-08-16T07:30:59.035Z"}
info: ✅ Connected to bhavcopy database. {"timestamp":"2025-08-16T07:31:00.554Z"}
info: ✅ bhavcopy database synced. {"timestamp":"2025-08-16T07:31:01.045Z"}
info: 🚀 Server running on http://localhost:8000/vap/ {"timestamp":"2025-08-16T07:31:01.049Z"}
info: ✅ Connected to stock_market database. {"timestamp":"2025-08-16T08:08:32.602Z"}
info: ✅ stock_market database synced. {"timestamp":"2025-08-16T08:08:42.754Z"}
info: ✅ Connected to bhavcopy database. {"timestamp":"2025-08-16T08:08:43.152Z"}
info: ✅ bhavcopy database synced. {"timestamp":"2025-08-16T08:08:54.948Z"}
info: ✅ Connected to stock_market database. {"timestamp":"2025-08-16T08:10:39.716Z"}
info: ✅ stock_market database synced. {"timestamp":"2025-08-16T08:10:39.750Z"}
info: ✅ Connected to bhavcopy database. {"timestamp":"2025-08-16T08:10:39.923Z"}
info: ✅ bhavcopy database synced. {"timestamp":"2025-08-16T08:10:39.970Z"}
info: ✅ Connected to stock_market database. {"timestamp":"2025-08-16T08:17:54.539Z"}
info: ✅ stock_market database synced. {"timestamp":"2025-08-16T08:17:56.853Z"}
info: ✅ Connected to bhavcopy database. {"timestamp":"2025-08-16T08:17:56.863Z"}
info: ✅ bhavcopy database synced. {"timestamp":"2025-08-16T08:17:56.929Z"}
info: 🚀 Server running on http://localhost:8000/vap/ {"timestamp":"2025-08-16T08:17:56.934Z"}
info: ✅ Connected to stock_market database. {"timestamp":"2025-08-16T08:18:21.854Z"}
info: ✅ stock_market database synced. {"timestamp":"2025-08-16T08:18:21.892Z"}
info: ✅ Connected to bhavcopy database. {"timestamp":"2025-08-16T08:18:22.087Z"}
info: ✅ bhavcopy database synced. {"timestamp":"2025-08-16T08:18:22.159Z"}
info: 🚀 Server running on http://localhost:8000/vap/ {"timestamp":"2025-08-16T08:18:22.165Z"}
info: ✅ Connected to stock_market database. {"timestamp":"2025-08-16T08:19:22.724Z"}
info: ✅ stock_market database synced. {"timestamp":"2025-08-16T08:19:22.758Z"}
info: ✅ Connected to bhavcopy database. {"timestamp":"2025-08-16T08:19:22.768Z"}
info: ✅ bhavcopy database synced. {"timestamp":"2025-08-16T08:19:22.835Z"}
info: 🚀 Server running on http://localhost:8000/vap/ {"timestamp":"2025-08-16T08:19:22.841Z"}
info: ✅ Connected to stock_market database. {"timestamp":"2025-08-16T08:19:27.979Z"}
info: ✅ stock_market database synced. {"timestamp":"2025-08-16T08:19:28.019Z"}
info: ✅ Connected to bhavcopy database. {"timestamp":"2025-08-16T08:19:28.037Z"}
info: ✅ bhavcopy database synced. {"timestamp":"2025-08-16T08:19:28.159Z"}
info: 🚀 Server running on http://localhost:8000/vap/ {"timestamp":"2025-08-16T08:19:28.163Z"}
info: ✅ Connected to stock_market database. {"timestamp":"2025-08-16T08:29:55.550Z"}
info: ✅ stock_market database synced. {"timestamp":"2025-08-16T08:29:55.606Z"}
info: ✅ Connected to bhavcopy database. {"timestamp":"2025-08-16T08:29:55.697Z"}
info: ✅ bhavcopy database synced. {"timestamp":"2025-08-16T08:29:55.795Z"}
info: 🚀 Server running on http://localhost:8000/vap/ {"timestamp":"2025-08-16T08:29:55.806Z"}
info: ✅ Connected to stock_market database. {"timestamp":"2025-08-16T08:30:29.108Z"}
info: ✅ stock_market database synced. {"timestamp":"2025-08-16T08:30:29.213Z"}
info: ✅ Connected to bhavcopy database. {"timestamp":"2025-08-16T08:30:29.258Z"}
info: ✅ bhavcopy database synced. {"timestamp":"2025-08-16T08:30:29.333Z"}
info: 🚀 Server running on http://localhost:8000/vap/ {"timestamp":"2025-08-16T08:30:29.340Z"}
info: ✅ Connected to stock_market database. {"timestamp":"2025-08-16T08:32:44.032Z"}
info: ✅ stock_market database synced. {"timestamp":"2025-08-16T08:32:44.104Z"}
info: ✅ Connected to bhavcopy database. {"timestamp":"2025-08-16T08:32:44.228Z"}
info: ✅ bhavcopy database synced. {"timestamp":"2025-08-16T08:32:44.297Z"}
info: 🚀 Server running on http://localhost:8000/vap/ {"timestamp":"2025-08-16T08:32:44.307Z"}
info: ✅ Connected to stock_market database. {"timestamp":"2025-08-16T08:33:45.560Z"}
info: ✅ stock_market database synced. {"timestamp":"2025-08-16T08:33:45.603Z"}
info: ✅ Connected to bhavcopy database. {"timestamp":"2025-08-16T08:33:45.614Z"}
info: ✅ bhavcopy database synced. {"timestamp":"2025-08-16T08:33:45.719Z"}
info: 🚀 Server running on http://localhost:8000/vap/ {"timestamp":"2025-08-16T08:33:45.722Z"}
info: ✅ Connected to stock_market database. {"timestamp":"2025-08-16T08:33:54.940Z"}
info: ✅ stock_market database synced. {"timestamp":"2025-08-16T08:33:55.584Z"}
info: ✅ Connected to bhavcopy database. {"timestamp":"2025-08-16T08:33:55.612Z"}
info: ✅ bhavcopy database synced. {"timestamp":"2025-08-16T08:33:55.666Z"}
info: 🚀 Server running on http://localhost:8000/vap/ {"timestamp":"2025-08-16T08:33:55.670Z"}
info: ✅ Connected to stock_market database. {"timestamp":"2025-08-16T08:34:18.601Z"}
info: ✅ stock_market database synced. {"timestamp":"2025-08-16T08:34:18.652Z"}
info: ✅ Connected to bhavcopy database. {"timestamp":"2025-08-16T08:34:18.722Z"}
info: ✅ bhavcopy database synced. {"timestamp":"2025-08-16T08:34:18.817Z"}
info: 🚀 Server running on http://localhost:8000/vap/ {"timestamp":"2025-08-16T08:34:18.821Z"}
info: ✅ Connected to stock_market database. {"timestamp":"2025-08-16T08:34:29.783Z"}
info: ✅ stock_market database synced. {"timestamp":"2025-08-16T08:34:29.847Z"}
info: ✅ Connected to bhavcopy database. {"timestamp":"2025-08-16T08:34:29.868Z"}
info: ✅ bhavcopy database synced. {"timestamp":"2025-08-16T08:34:29.929Z"}
info: 🚀 Server running on http://localhost:8000/vap/ {"timestamp":"2025-08-16T08:34:29.933Z"}
info: ✅ Connected to stock_market database. {"timestamp":"2025-08-16T08:34:36.571Z"}
info: ✅ Connected to stock_market database. {"timestamp":"2025-08-16T08:34:42.809Z"}
info: ✅ stock_market database synced. {"timestamp":"2025-08-16T08:34:43.352Z"}
info: ✅ Connected to bhavcopy database. {"timestamp":"2025-08-16T08:34:43.532Z"}
info: ✅ Connected to stock_market database. {"timestamp":"2025-08-16T08:34:49.914Z"}
info: ✅ stock_market database synced. {"timestamp":"2025-08-16T08:34:50.242Z"}
info: ✅ Connected to bhavcopy database. {"timestamp":"2025-08-16T08:34:50.268Z"}
info: ✅ bhavcopy database synced. {"timestamp":"2025-08-16T08:34:50.511Z"}
info: 🚀 Server running on http://localhost:8000/vap/ {"timestamp":"2025-08-16T08:34:50.516Z"}
info: ✅ Connected to stock_market database. {"timestamp":"2025-08-16T08:37:14.289Z"}
info: ✅ stock_market database synced. {"timestamp":"2025-08-16T08:37:14.627Z"}
info: ✅ Connected to bhavcopy database. {"timestamp":"2025-08-16T08:37:14.666Z"}
info: ✅ bhavcopy database synced. {"timestamp":"2025-08-16T08:37:14.940Z"}
info: 🚀 Server running on http://localhost:8000/vap/ {"timestamp":"2025-08-16T08:37:14.945Z"}
info: ✅ Connected to stock_market database. {"timestamp":"2025-08-16T08:38:10.130Z"}
info: ✅ stock_market database synced. {"timestamp":"2025-08-16T08:38:10.713Z"}
info: ✅ Connected to bhavcopy database. {"timestamp":"2025-08-16T08:38:11.097Z"}
info: ✅ bhavcopy database synced. {"timestamp":"2025-08-16T08:38:12.268Z"}
info: 🚀 Server running on http://localhost:8000/vap/ {"timestamp":"2025-08-16T08:38:12.272Z"}
info: ✅ Connected to stock_market database. {"timestamp":"2025-08-16T08:39:58.880Z"}
info: ✅ stock_market database synced. {"timestamp":"2025-08-16T08:39:59.010Z"}
info: ✅ Connected to bhavcopy database. {"timestamp":"2025-08-16T08:39:59.020Z"}
info: ✅ bhavcopy database synced. {"timestamp":"2025-08-16T08:39:59.142Z"}
info: 🚀 Server running on http://localhost:8000/vap/ {"timestamp":"2025-08-16T08:39:59.150Z"}
info: ✅ Connected to stock_market database. {"timestamp":"2025-08-16T08:40:14.262Z"}
info: ✅ stock_market database synced. {"timestamp":"2025-08-16T08:40:14.337Z"}
info: ✅ Connected to bhavcopy database. {"timestamp":"2025-08-16T08:40:14.352Z"}
info: ✅ bhavcopy database synced. {"timestamp":"2025-08-16T08:40:14.420Z"}
info: 🚀 Server running on http://localhost:8000/vap/ {"timestamp":"2025-08-16T08:40:14.425Z"}
info: ✅ Connected to stock_market database. {"timestamp":"2025-08-16T08:40:47.980Z"}
info: ✅ stock_market database synced. {"timestamp":"2025-08-16T08:40:48.032Z"}
info: ✅ Connected to bhavcopy database. {"timestamp":"2025-08-16T08:40:48.049Z"}
info: ✅ bhavcopy database synced. {"timestamp":"2025-08-16T08:40:48.143Z"}
info: 🚀 Server running on http://localhost:8000/vap/ {"timestamp":"2025-08-16T08:40:48.151Z"}
info: ✅ Connected to stock_market database. {"timestamp":"2025-08-16T08:46:43.726Z"}
info: ✅ stock_market database synced. {"timestamp":"2025-08-16T08:46:43.767Z"}
info: ✅ Connected to bhavcopy database. {"timestamp":"2025-08-16T08:46:43.806Z"}
info: ✅ bhavcopy database synced. {"timestamp":"2025-08-16T08:46:43.948Z"}
info: 🚀 Server running on http://localhost:8000/vap/ {"timestamp":"2025-08-16T08:46:43.953Z"}
info: ✅ Connected to stock_market database. {"timestamp":"2025-08-16T08:50:40.264Z"}
info: ✅ stock_market database synced. {"timestamp":"2025-08-16T08:50:40.389Z"}
info: ✅ Connected to bhavcopy database. {"timestamp":"2025-08-16T08:50:41.749Z"}
info: ✅ bhavcopy database synced. {"timestamp":"2025-08-16T08:50:41.831Z"}
info: 🚀 Server running on http://localhost:8000/vap/ {"timestamp":"2025-08-16T08:50:41.839Z"}
info: ✅ Connected to stock_market database. {"timestamp":"2025-08-16T09:04:34.283Z"}
info: ✅ stock_market database synced. {"timestamp":"2025-08-16T09:04:34.670Z"}
info: ✅ Connected to bhavcopy database. {"timestamp":"2025-08-16T09:04:34.685Z"}
info: ✅ bhavcopy database synced. {"timestamp":"2025-08-16T09:04:34.754Z"}
info: 🚀 Server running on http://localhost:8000/vap/ {"timestamp":"2025-08-16T09:04:34.759Z"}
info: ✅ Connected to stock_market database. {"timestamp":"2025-08-16T09:04:50.053Z"}
info: ✅ stock_market database synced. {"timestamp":"2025-08-16T09:04:51.550Z"}
info: ✅ Connected to bhavcopy database. {"timestamp":"2025-08-16T09:04:51.562Z"}
info: ✅ bhavcopy database synced. {"timestamp":"2025-08-16T09:04:51.734Z"}
info: 🚀 Server running on http://localhost:8000/vap/ {"timestamp":"2025-08-16T09:04:51.763Z"}
info: ✅ Connected to stock_market database. {"timestamp":"2025-08-16T09:05:14.459Z"}
info: ✅ stock_market database synced. {"timestamp":"2025-08-16T09:05:15.522Z"}
info: ✅ Connected to bhavcopy database. {"timestamp":"2025-08-16T09:05:15.574Z"}
info: ✅ bhavcopy database synced. {"timestamp":"2025-08-16T09:05:15.774Z"}
info: 🚀 Server running on http://localhost:8000/vap/ {"timestamp":"2025-08-16T09:05:15.791Z"}
info: ✅ Connected to stock_market database. {"timestamp":"2025-08-16T09:05:45.772Z"}
info: ✅ stock_market database synced. {"timestamp":"2025-08-16T09:05:46.099Z"}
info: ✅ Connected to bhavcopy database. {"timestamp":"2025-08-16T09:05:46.109Z"}
info: ✅ bhavcopy database synced. {"timestamp":"2025-08-16T09:05:46.259Z"}
info: 🚀 Server running on http://localhost:8000/vap/ {"timestamp":"2025-08-16T09:05:46.263Z"}
info: ✅ Connected to stock_market database. {"timestamp":"2025-08-16T09:06:04.808Z"}
info: ✅ stock_market database synced. {"timestamp":"2025-08-16T09:06:04.839Z"}
info: ✅ Connected to bhavcopy database. {"timestamp":"2025-08-16T09:06:04.849Z"}
info: ✅ bhavcopy database synced. {"timestamp":"2025-08-16T09:06:04.900Z"}
info: 🚀 Server running on http://localhost:8000/vap/ {"timestamp":"2025-08-16T09:06:04.904Z"}
